[2021-12-30 15:30:10Z INFO HostContext] No proxy settings were found based on environmental variables (http_proxy/https_proxy/HTTP_PROXY/HTTPS_PROXY)
[2021-12-30 15:30:10Z INFO HostContext] Well known directory 'Bin': 'C:\Users\pneha\Digital-Resume-Azure\actions-runner\bin'
[2021-12-30 15:30:10Z INFO HostContext] Well known directory 'Root': 'C:\Users\pneha\Digital-Resume-Azure\actions-runner'
[2021-12-30 15:30:10Z INFO HostContext] Well known config file 'Credentials': 'C:\Users\pneha\Digital-Resume-Azure\actions-runner\.credentials'
[2021-12-30 15:30:10Z INFO HostContext] Well known directory 'Bin': 'C:\Users\pneha\Digital-Resume-Azure\actions-runner\bin'
[2021-12-30 15:30:10Z INFO HostContext] Well known directory 'Root': 'C:\Users\pneha\Digital-Resume-Azure\actions-runner'
[2021-12-30 15:30:10Z INFO HostContext] Well known config file 'Runner': 'C:\Users\pneha\Digital-Resume-Azure\actions-runner\.runner'
[2021-12-30 15:30:10Z INFO Listener] Runner is built for Windows (X64) - win-x64.
[2021-12-30 15:30:10Z INFO Listener] RuntimeInformation: Microsoft Windows 10.0.22000.
[2021-12-30 15:30:10Z INFO Listener] Version: 2.285.1
[2021-12-30 15:30:10Z INFO Listener] Commit: 50afba61b40932c1084e31b5e9e7f5af325cc2ac
[2021-12-30 15:30:10Z INFO Listener] Culture: en-IN
[2021-12-30 15:30:10Z INFO Listener] UI Culture: en-US
[2021-12-30 15:30:10Z INFO HostContext] Well known directory 'Bin': 'C:\Users\pneha\Digital-Resume-Azure\actions-runner\bin'
[2021-12-30 15:30:10Z INFO HostContext] Well known directory 'Root': 'C:\Users\pneha\Digital-Resume-Azure\actions-runner'
[2021-12-30 15:30:10Z INFO Listener] Validating directory permissions for: 'C:\Users\pneha\Digital-Resume-Azure\actions-runner'
[2021-12-30 15:30:10Z INFO CommandLineParser] Parse
[2021-12-30 15:30:10Z INFO CommandLineParser] Parsing 1 args
[2021-12-30 15:30:10Z INFO CommandLineParser] parsing argument
[2021-12-30 15:30:10Z INFO CommandLineParser] HasArgs: False
[2021-12-30 15:30:10Z INFO CommandLineParser] Adding Command: run
[2021-12-30 15:30:10Z INFO Listener] Arguments parsed
[2021-12-30 15:30:10Z INFO Runner] ExecuteCommand
[2021-12-30 15:30:10Z INFO ConfigurationStore] currentAssemblyLocation: C:\Users\pneha\Digital-Resume-Azure\actions-runner\bin\Runner.Listener.dll
[2021-12-30 15:30:10Z INFO HostContext] Well known directory 'Bin': 'C:\Users\pneha\Digital-Resume-Azure\actions-runner\bin'
[2021-12-30 15:30:10Z INFO ConfigurationStore] binPath: C:\Users\pneha\Digital-Resume-Azure\actions-runner\bin
[2021-12-30 15:30:10Z INFO HostContext] Well known directory 'Bin': 'C:\Users\pneha\Digital-Resume-Azure\actions-runner\bin'
[2021-12-30 15:30:10Z INFO HostContext] Well known directory 'Root': 'C:\Users\pneha\Digital-Resume-Azure\actions-runner'
[2021-12-30 15:30:10Z INFO ConfigurationStore] RootFolder: C:\Users\pneha\Digital-Resume-Azure\actions-runner
[2021-12-30 15:30:10Z INFO HostContext] Well known directory 'Bin': 'C:\Users\pneha\Digital-Resume-Azure\actions-runner\bin'
[2021-12-30 15:30:10Z INFO HostContext] Well known directory 'Root': 'C:\Users\pneha\Digital-Resume-Azure\actions-runner'
[2021-12-30 15:30:10Z INFO HostContext] Well known config file 'Runner': 'C:\Users\pneha\Digital-Resume-Azure\actions-runner\.runner'
[2021-12-30 15:30:10Z INFO ConfigurationStore] ConfigFilePath: C:\Users\pneha\Digital-Resume-Azure\actions-runner\.runner
[2021-12-30 15:30:10Z INFO HostContext] Well known directory 'Bin': 'C:\Users\pneha\Digital-Resume-Azure\actions-runner\bin'
[2021-12-30 15:30:10Z INFO HostContext] Well known directory 'Root': 'C:\Users\pneha\Digital-Resume-Azure\actions-runner'
[2021-12-30 15:30:10Z INFO HostContext] Well known config file 'Credentials': 'C:\Users\pneha\Digital-Resume-Azure\actions-runner\.credentials'
[2021-12-30 15:30:10Z INFO ConfigurationStore] CredFilePath: C:\Users\pneha\Digital-Resume-Azure\actions-runner\.credentials
[2021-12-30 15:30:10Z INFO HostContext] Well known directory 'Bin': 'C:\Users\pneha\Digital-Resume-Azure\actions-runner\bin'
[2021-12-30 15:30:10Z INFO HostContext] Well known directory 'Root': 'C:\Users\pneha\Digital-Resume-Azure\actions-runner'
[2021-12-30 15:30:10Z INFO HostContext] Well known config file 'MigratedCredentials': 'C:\Users\pneha\Digital-Resume-Azure\actions-runner\.credentials_migrated'
[2021-12-30 15:30:10Z INFO ConfigurationStore] MigratedCredFilePath: C:\Users\pneha\Digital-Resume-Azure\actions-runner\.credentials_migrated
[2021-12-30 15:30:10Z INFO HostContext] Well known directory 'Bin': 'C:\Users\pneha\Digital-Resume-Azure\actions-runner\bin'
[2021-12-30 15:30:10Z INFO HostContext] Well known directory 'Root': 'C:\Users\pneha\Digital-Resume-Azure\actions-runner'
[2021-12-30 15:30:10Z INFO HostContext] Well known config file 'Service': 'C:\Users\pneha\Digital-Resume-Azure\actions-runner\.service'
[2021-12-30 15:30:10Z INFO ConfigurationStore] ServiceConfigFilePath: C:\Users\pneha\Digital-Resume-Azure\actions-runner\.service
[2021-12-30 15:30:10Z INFO CommandSettings] Flag 'help': 'False'
[2021-12-30 15:30:10Z INFO CommandSettings] Flag 'version': 'False'
[2021-12-30 15:30:10Z INFO CommandSettings] Flag 'commit': 'False'
[2021-12-30 15:30:10Z INFO CommandSettings] Flag 'check': 'False'
[2021-12-30 15:30:10Z INFO CommandSettings] Command 'configure': 'False'
[2021-12-30 15:30:10Z INFO CommandSettings] Command 'remove': 'False'
[2021-12-30 15:30:10Z INFO CommandSettings] Command 'warmup': 'False'
[2021-12-30 15:30:10Z INFO ConfigurationManager] LoadSettings
[2021-12-30 15:30:10Z INFO ConfigurationStore] IsConfigured()
[2021-12-30 15:30:10Z INFO ConfigurationStore] IsConfigured: True
[2021-12-30 15:30:10Z INFO ConfigurationManager] Is configured: True
[2021-12-30 15:30:10Z INFO ConfigurationStore] Read setting file: 310 chars
[2021-12-30 15:30:10Z INFO ConfigurationManager] Settings Loaded
[2021-12-30 15:30:10Z INFO ConfigurationStore] IsServiceConfigured()
[2021-12-30 15:30:10Z INFO ConfigurationStore] IsServiceConfigured: False
[2021-12-30 15:30:10Z INFO CommandSettings] Command 'run': 'True'
[2021-12-30 15:30:10Z INFO ConfigurationStore] IsConfigured()
[2021-12-30 15:30:10Z INFO ConfigurationStore] IsConfigured: True
[2021-12-30 15:30:10Z INFO ConfigurationManager] Is configured: True
[2021-12-30 15:30:10Z INFO Runner] Could not parse the argument value '' for StartupType. Defaulting to Manual
[2021-12-30 15:30:10Z INFO Runner] Set runner startup type - Manual
[2021-12-30 15:30:10Z INFO CommandSettings] Flag 'once': 'False'
[2021-12-30 15:30:10Z INFO CommandSettings] Flag 'once': 'False'
[2021-12-30 15:30:10Z INFO Runner] RunAsync
[2021-12-30 15:30:10Z INFO ConfigurationManager] LoadSettings
[2021-12-30 15:30:10Z INFO ConfigurationStore] IsConfigured()
[2021-12-30 15:30:10Z INFO ConfigurationStore] IsConfigured: True
[2021-12-30 15:30:10Z INFO ConfigurationManager] Is configured: True
[2021-12-30 15:30:10Z INFO ConfigurationManager] Settings Loaded
[2021-12-30 15:30:10Z INFO MessageListener] {
  "AgentId": 2,
  "AgentName": "DESKTOP-HCD87N7",
  "PoolId": 1,
  "PoolName": "Default",
  "ServerUrl": "https://pipelines.actions.githubusercontent.com/D1thmwoP8ZZETBpEC1EC70JbcsyjoLvS4bxLmj6KTJWt2NkMWv",
  "GitHubUrl": "https://github.com/pnehasati/Digital-Resume-Azure",
  "WorkFolder": "_work"
}
[2021-12-30 15:30:10Z INFO MessageListener] Loading Credentials
[2021-12-30 15:30:10Z INFO ConfigurationStore] HasCredentials()
[2021-12-30 15:30:10Z INFO ConfigurationStore] stored True
[2021-12-30 15:30:10Z INFO CredentialManager] GetCredentialProvider
[2021-12-30 15:30:10Z INFO CredentialManager] Creating type OAuth
[2021-12-30 15:30:10Z INFO CredentialManager] Creating credential type: OAuth
[2021-12-30 15:30:10Z INFO HostContext] Well known directory 'Bin': 'C:\Users\pneha\Digital-Resume-Azure\actions-runner\bin'
[2021-12-30 15:30:10Z INFO HostContext] Well known directory 'Root': 'C:\Users\pneha\Digital-Resume-Azure\actions-runner'
[2021-12-30 15:30:10Z INFO HostContext] Well known config file 'RSACredentials': 'C:\Users\pneha\Digital-Resume-Azure\actions-runner\.credentials_rsaparams'
[2021-12-30 15:30:10Z INFO RSAEncryptedFileKeyManager] Loading RSA key parameters from file C:\Users\pneha\Digital-Resume-Azure\actions-runner\.credentials_rsaparams
[2021-12-30 15:30:10Z INFO MessageListener] Attempt to create session.
[2021-12-30 15:30:10Z INFO MessageListener] Connecting to the Runner Server...
[2021-12-30 15:30:10Z INFO RunnerServer] Establish connection with 100 seconds timeout.
[2021-12-30 15:30:10Z INFO GitHubActionsService] Starting operation Location.GetConnectionData
[2021-12-30 15:30:10Z INFO RunnerServer] Establish connection with 60 seconds timeout.
[2021-12-30 15:30:10Z INFO GitHubActionsService] Starting operation Location.GetConnectionData
[2021-12-30 15:30:10Z INFO RunnerServer] Establish connection with 60 seconds timeout.
[2021-12-30 15:30:10Z INFO GitHubActionsService] Starting operation Location.GetConnectionData
[2021-12-30 15:30:11Z INFO GitHubActionsService] Finished operation Location.GetConnectionData
[2021-12-30 15:30:11Z INFO GitHubActionsService] Finished operation Location.GetConnectionData
[2021-12-30 15:30:12Z INFO GitHubActionsService] Finished operation Location.GetConnectionData
[2021-12-30 15:30:12Z INFO MessageListener] VssConnection created
[2021-12-30 15:30:12Z INFO Terminal] WRITE LINE: 
[2021-12-30 15:30:12Z INFO Terminal] WRITE LINE: 
[2021-12-30 15:30:12Z WARN GitHubActionsService] Authentication failed with status code 401.
WWW-Authenticate: Bearer
Strict-Transport-Security: max-age=2592000
X-TFS-ProcessId: f8edd455-4f54-4b74-b034-33acdb5a770c
ActivityId: 9b39c157-50b1-42a1-8851-cf6086ec851b
X-TFS-Session: d96a104a-dcc7-4cfd-8129-82a2fef35a44
X-VSS-E2EID: f9c5a562-d14f-47c6-92fe-d2a92a18e55a
X-VSS-SenderDeploymentId: ac98198d-4d34-0364-420d-bafa6e51dce2
X-TFS-ServiceError: The+user+%27System%3aPublicAccess%3baaaaaaaa-aaaa-aaaa-aaaa-aaaaaaaaaaaa%27+is+not+authorized+to+access+this+resource.
X-VSS-S2STargetService: 0000005A-0000-8888-8000-000000000000/visualstudio.com
X-Cache: CONFIG_NOCACHE
X-MSEdge-Ref: Ref A: 3874A42602314AEFB234145711584E96 Ref B: BOM02EDGE0410 Ref C: 2021-12-30T15:30:12Z
Date: Thu, 30 Dec 2021 15:30:12 GMT

[2021-12-30 15:30:12Z INFO RSAEncryptedFileKeyManager] Loading RSA key parameters from file C:\Users\pneha\Digital-Resume-Azure\actions-runner\.credentials_rsaparams
[2021-12-30 15:30:12Z INFO RSAEncryptedFileKeyManager] Loading RSA key parameters from file C:\Users\pneha\Digital-Resume-Azure\actions-runner\.credentials_rsaparams
[2021-12-30 15:30:13Z INFO GitHubActionsService] AAD Correlation ID for this token request: Unknown
[2021-12-30 15:30:13Z INFO MessageListener] Session created.
[2021-12-30 15:30:13Z INFO Terminal] WRITE LINE: Current runner version: '2.285.1'
[2021-12-30 15:30:13Z INFO Terminal] WRITE LINE: 2021-12-30 15:30:13Z: Listening for Jobs
[2021-12-30 15:30:13Z INFO JobDispatcher] Set runner/worker IPC timeout to 30 seconds.
[2021-12-30 15:33:58Z INFO HostContext] Runner will be shutdown for UserCancelled
[2021-12-30 15:33:58Z WARN GitHubActionsService] GET request to https://pipelines.actions.githubusercontent.com/D1thmwoP8ZZETBpEC1EC70JbcsyjoLvS4bxLmj6KTJWt2NkMWv/_apis/distributedtask/pools/1/messages?sessionId=ed96eb8b-b2f2-449a-8f56-893fbce1c663 has been cancelled.
[2021-12-30 15:33:58Z INFO MessageListener] Get next message has been cancelled.
[2021-12-30 15:33:58Z INFO JobDispatcher] Shutting down JobDispatcher. Make sure all WorkerDispatcher has finished.
