[2021-12-30 15:28:53Z INFO HostContext] No proxy settings were found based on environmental variables (http_proxy/https_proxy/HTTP_PROXY/HTTPS_PROXY)
[2021-12-30 15:28:53Z INFO HostContext] Well known directory 'Bin': 'C:\Users\pneha\Digital-Resume-Azure\actions-runner\bin'
[2021-12-30 15:28:53Z INFO HostContext] Well known directory 'Root': 'C:\Users\pneha\Digital-Resume-Azure\actions-runner'
[2021-12-30 15:28:53Z INFO HostContext] Well known config file 'Credentials': 'C:\Users\pneha\Digital-Resume-Azure\actions-runner\.credentials'
[2021-12-30 15:28:53Z INFO HostContext] Well known directory 'Bin': 'C:\Users\pneha\Digital-Resume-Azure\actions-runner\bin'
[2021-12-30 15:28:53Z INFO HostContext] Well known directory 'Root': 'C:\Users\pneha\Digital-Resume-Azure\actions-runner'
[2021-12-30 15:28:53Z INFO HostContext] Well known config file 'Runner': 'C:\Users\pneha\Digital-Resume-Azure\actions-runner\.runner'
[2021-12-30 15:28:53Z INFO Listener] Runner is built for Windows (X64) - win-x64.
[2021-12-30 15:28:53Z INFO Listener] RuntimeInformation: Microsoft Windows 10.0.22000.
[2021-12-30 15:28:53Z INFO Listener] Version: 2.285.1
[2021-12-30 15:28:53Z INFO Listener] Commit: 50afba61b40932c1084e31b5e9e7f5af325cc2ac
[2021-12-30 15:28:53Z INFO Listener] Culture: en-IN
[2021-12-30 15:28:53Z INFO Listener] UI Culture: en-US
[2021-12-30 15:28:53Z INFO HostContext] Well known directory 'Bin': 'C:\Users\pneha\Digital-Resume-Azure\actions-runner\bin'
[2021-12-30 15:28:53Z INFO HostContext] Well known directory 'Root': 'C:\Users\pneha\Digital-Resume-Azure\actions-runner'
[2021-12-30 15:28:53Z INFO Listener] Validating directory permissions for: 'C:\Users\pneha\Digital-Resume-Azure\actions-runner'
[2021-12-30 15:28:53Z INFO CommandLineParser] Parse
[2021-12-30 15:28:53Z INFO CommandLineParser] Parsing 5 args
[2021-12-30 15:28:53Z INFO CommandLineParser] parsing argument
[2021-12-30 15:28:53Z INFO CommandLineParser] HasArgs: False
[2021-12-30 15:28:53Z INFO CommandLineParser] Adding Command: configure
[2021-12-30 15:28:53Z INFO CommandLineParser] parsing argument
[2021-12-30 15:28:53Z INFO CommandLineParser] HasArgs: True
[2021-12-30 15:28:53Z INFO CommandLineParser] arg: url
[2021-12-30 15:28:53Z INFO CommandLineParser] parsing argument
[2021-12-30 15:28:53Z INFO CommandLineParser] HasArgs: True
[2021-12-30 15:28:53Z INFO CommandLineParser] Adding option 'url': 'https://github.com/pnehasati/Digital-Resume-Azure'
[2021-12-30 15:28:53Z INFO CommandLineParser] parsing argument
[2021-12-30 15:28:53Z INFO CommandLineParser] HasArgs: True
[2021-12-30 15:28:53Z INFO CommandLineParser] arg: token
[2021-12-30 15:28:53Z INFO CommandLineParser] parsing argument
[2021-12-30 15:28:53Z INFO CommandLineParser] HasArgs: True
[2021-12-30 15:28:53Z INFO CommandLineParser] Adding option 'token': '***'
[2021-12-30 15:28:53Z INFO Listener] Arguments parsed
[2021-12-30 15:28:54Z INFO Runner] ExecuteCommand
[2021-12-30 15:28:54Z INFO ConfigurationStore] currentAssemblyLocation: C:\Users\pneha\Digital-Resume-Azure\actions-runner\bin\Runner.Listener.dll
[2021-12-30 15:28:54Z INFO HostContext] Well known directory 'Bin': 'C:\Users\pneha\Digital-Resume-Azure\actions-runner\bin'
[2021-12-30 15:28:54Z INFO ConfigurationStore] binPath: C:\Users\pneha\Digital-Resume-Azure\actions-runner\bin
[2021-12-30 15:28:54Z INFO HostContext] Well known directory 'Bin': 'C:\Users\pneha\Digital-Resume-Azure\actions-runner\bin'
[2021-12-30 15:28:54Z INFO HostContext] Well known directory 'Root': 'C:\Users\pneha\Digital-Resume-Azure\actions-runner'
[2021-12-30 15:28:54Z INFO ConfigurationStore] RootFolder: C:\Users\pneha\Digital-Resume-Azure\actions-runner
[2021-12-30 15:28:54Z INFO HostContext] Well known directory 'Bin': 'C:\Users\pneha\Digital-Resume-Azure\actions-runner\bin'
[2021-12-30 15:28:54Z INFO HostContext] Well known directory 'Root': 'C:\Users\pneha\Digital-Resume-Azure\actions-runner'
[2021-12-30 15:28:54Z INFO HostContext] Well known config file 'Runner': 'C:\Users\pneha\Digital-Resume-Azure\actions-runner\.runner'
[2021-12-30 15:28:54Z INFO ConfigurationStore] ConfigFilePath: C:\Users\pneha\Digital-Resume-Azure\actions-runner\.runner
[2021-12-30 15:28:54Z INFO HostContext] Well known directory 'Bin': 'C:\Users\pneha\Digital-Resume-Azure\actions-runner\bin'
[2021-12-30 15:28:54Z INFO HostContext] Well known directory 'Root': 'C:\Users\pneha\Digital-Resume-Azure\actions-runner'
[2021-12-30 15:28:54Z INFO HostContext] Well known config file 'Credentials': 'C:\Users\pneha\Digital-Resume-Azure\actions-runner\.credentials'
[2021-12-30 15:28:54Z INFO ConfigurationStore] CredFilePath: C:\Users\pneha\Digital-Resume-Azure\actions-runner\.credentials
[2021-12-30 15:28:54Z INFO HostContext] Well known directory 'Bin': 'C:\Users\pneha\Digital-Resume-Azure\actions-runner\bin'
[2021-12-30 15:28:54Z INFO HostContext] Well known directory 'Root': 'C:\Users\pneha\Digital-Resume-Azure\actions-runner'
[2021-12-30 15:28:54Z INFO HostContext] Well known config file 'MigratedCredentials': 'C:\Users\pneha\Digital-Resume-Azure\actions-runner\.credentials_migrated'
[2021-12-30 15:28:54Z INFO ConfigurationStore] MigratedCredFilePath: C:\Users\pneha\Digital-Resume-Azure\actions-runner\.credentials_migrated
[2021-12-30 15:28:54Z INFO HostContext] Well known directory 'Bin': 'C:\Users\pneha\Digital-Resume-Azure\actions-runner\bin'
[2021-12-30 15:28:54Z INFO HostContext] Well known directory 'Root': 'C:\Users\pneha\Digital-Resume-Azure\actions-runner'
[2021-12-30 15:28:54Z INFO HostContext] Well known config file 'Service': 'C:\Users\pneha\Digital-Resume-Azure\actions-runner\.service'
[2021-12-30 15:28:54Z INFO ConfigurationStore] ServiceConfigFilePath: C:\Users\pneha\Digital-Resume-Azure\actions-runner\.service
[2021-12-30 15:28:54Z INFO CommandSettings] Flag 'help': 'False'
[2021-12-30 15:28:54Z INFO CommandSettings] Flag 'version': 'False'
[2021-12-30 15:28:54Z INFO CommandSettings] Flag 'commit': 'False'
[2021-12-30 15:28:54Z INFO CommandSettings] Flag 'check': 'False'
[2021-12-30 15:28:54Z INFO CommandSettings] Command 'configure': 'True'
[2021-12-30 15:28:54Z INFO Terminal] WRITE LINE: 
[2021-12-30 15:28:54Z INFO Terminal] WRITE LINE: --------------------------------------------------------------------------------
[2021-12-30 15:28:54Z INFO Terminal] WRITE LINE: |        ____ _ _   _   _       _          _        _   _                      |
[2021-12-30 15:28:54Z INFO Terminal] WRITE LINE: |       / ___(_) |_| | | |_   _| |__      / \   ___| |_(_) ___  _ __  ___      |
[2021-12-30 15:28:54Z INFO Terminal] WRITE LINE: |      | |  _| | __| |_| | | | | '_ \    / _ \ / __| __| |/ _ \| '_ \/ __|     |
[2021-12-30 15:28:54Z INFO Terminal] WRITE LINE: |      | |_| | | |_|  _  | |_| | |_) |  / ___ \ (__| |_| | (_) | | | \__ \     |
[2021-12-30 15:28:54Z INFO Terminal] WRITE LINE: |       \____|_|\__|_| |_|\__,_|_.__/  /_/   \_\___|\__|_|\___/|_| |_|___/     |
[2021-12-30 15:28:54Z INFO Terminal] WRITE LINE: |                                                                              |
[2021-12-30 15:28:54Z INFO Terminal] WRITE: |                       
[2021-12-30 15:28:54Z INFO Terminal] WRITE: Self-hosted runner registration
[2021-12-30 15:28:54Z INFO Terminal] WRITE LINE:                         |
[2021-12-30 15:28:54Z INFO Terminal] WRITE LINE: |                                                                              |
[2021-12-30 15:28:54Z INFO Terminal] WRITE LINE: --------------------------------------------------------------------------------
[2021-12-30 15:28:54Z INFO ConfigurationManager] ConfigureAsync
[2021-12-30 15:28:54Z INFO ConfigurationStore] IsConfigured()
[2021-12-30 15:28:54Z INFO ConfigurationStore] IsConfigured: False
[2021-12-30 15:28:54Z INFO ConfigurationManager] Is configured: False
[2021-12-30 15:28:54Z INFO CommandSettings] Arg 'url': 'https://github.com/pnehasati/Digital-Resume-Azure'
[2021-12-30 15:28:54Z INFO CommandSettings] Remove url from Arg dictionary.
[2021-12-30 15:28:54Z INFO CommandSettings] Arg 'token': '***'
[2021-12-30 15:28:54Z INFO CommandSettings] Remove token from Arg dictionary.
[2021-12-30 15:28:57Z INFO ConfigurationManager] Http response code: OK from 'POST https://api.github.com/actions/runner-registration'
[2021-12-30 15:28:57Z INFO ConfigurationManager] cred retrieved via GitHub auth
[2021-12-30 15:28:57Z INFO RunnerServer] Establish connection with 100 seconds timeout.
[2021-12-30 15:28:58Z INFO GitHubActionsService] Starting operation Location.GetConnectionData
[2021-12-30 15:28:58Z INFO RunnerServer] Establish connection with 60 seconds timeout.
[2021-12-30 15:28:58Z INFO GitHubActionsService] Starting operation Location.GetConnectionData
[2021-12-30 15:28:58Z INFO RunnerServer] Establish connection with 60 seconds timeout.
[2021-12-30 15:28:58Z INFO GitHubActionsService] Starting operation Location.GetConnectionData
[2021-12-30 15:28:59Z INFO GitHubActionsService] Finished operation Location.GetConnectionData
[2021-12-30 15:28:59Z INFO GitHubActionsService] Finished operation Location.GetConnectionData
[2021-12-30 15:28:59Z INFO GitHubActionsService] Finished operation Location.GetConnectionData
[2021-12-30 15:29:00Z INFO Terminal] WRITE LINE: 
[2021-12-30 15:29:00Z INFO ConfigurationManager] Test Connection complete.
[2021-12-30 15:29:00Z INFO HostContext] Well known directory 'Bin': 'C:\Users\pneha\Digital-Resume-Azure\actions-runner\bin'
[2021-12-30 15:29:00Z INFO HostContext] Well known directory 'Root': 'C:\Users\pneha\Digital-Resume-Azure\actions-runner'
[2021-12-30 15:29:00Z INFO HostContext] Well known config file 'RSACredentials': 'C:\Users\pneha\Digital-Resume-Azure\actions-runner\.credentials_rsaparams'
[2021-12-30 15:29:00Z INFO RSAEncryptedFileKeyManager] Creating new RSA key using 2048-bit key length
[2021-12-30 15:29:00Z INFO RSAEncryptedFileKeyManager] Successfully saved RSA key parameters to file C:\Users\pneha\Digital-Resume-Azure\actions-runner\.credentials_rsaparams
[2021-12-30 15:29:00Z INFO CommandSettings] Arg 'runnergroup': ''
[2021-12-30 15:29:00Z INFO CommandSettings] Flag 'unattended': 'False'
[2021-12-30 15:29:00Z INFO PromptManager] ReadValue
[2021-12-30 15:29:00Z INFO Terminal] WRITE: Enter the name of the runner group to add this runner to: 
[2021-12-30 15:29:00Z INFO Terminal] WRITE: [press Enter for Default] 
[2021-12-30 15:29:00Z INFO Terminal] READ LINE
[2021-12-30 15:29:09Z INFO Terminal] Read value: ''
[2021-12-30 15:29:09Z INFO PromptManager] Falling back to the default: 'Default'
[2021-12-30 15:29:09Z INFO Terminal] WRITE LINE: 
[2021-12-30 15:29:09Z INFO ConfigurationManager] Found a self-hosted runner group with id 1 and name Default
[2021-12-30 15:29:09Z INFO CommandSettings] Flag 'ephemeral': 'False'
[2021-12-30 15:29:09Z INFO CommandSettings] Arg 'name': ''
[2021-12-30 15:29:09Z INFO CommandSettings] Flag 'unattended': 'False'
[2021-12-30 15:29:09Z INFO PromptManager] ReadValue
[2021-12-30 15:29:09Z INFO Terminal] WRITE: Enter the name of runner: 
[2021-12-30 15:29:09Z INFO Terminal] WRITE: [press Enter for DESKTOP-HCD87N7] 
[2021-12-30 15:29:09Z INFO Terminal] READ LINE
[2021-12-30 15:29:15Z INFO Terminal] Read value: ''
[2021-12-30 15:29:15Z INFO PromptManager] Falling back to the default: 'DESKTOP-HCD87N7'
[2021-12-30 15:29:15Z INFO Terminal] WRITE LINE: 
[2021-12-30 15:29:15Z INFO CommandSettings] Arg 'labels': ''
[2021-12-30 15:29:15Z INFO CommandSettings] Flag 'unattended': 'False'
[2021-12-30 15:29:15Z INFO PromptManager] ReadValue
[2021-12-30 15:29:15Z INFO Terminal] WRITE: This runner will have the following labels: 'self-hosted', 'Windows', 'X64' 
Enter any additional labels (ex. label-1,label-2): 
[2021-12-30 15:29:15Z INFO Terminal] WRITE: [press Enter to skip] 
[2021-12-30 15:29:15Z INFO Terminal] READ LINE
[2021-12-30 15:29:18Z INFO Terminal] Read value: ''
[2021-12-30 15:29:18Z INFO Terminal] WRITE LINE: 
[2021-12-30 15:29:19Z INFO ConfigurationStore] Saving OAuth credential @ C:\Users\pneha\Digital-Resume-Azure\actions-runner\.credentials
[2021-12-30 15:29:19Z INFO ConfigurationStore] Credentials Saved.
[2021-12-30 15:29:19Z INFO ConfigurationStore] HasCredentials()
[2021-12-30 15:29:19Z INFO ConfigurationStore] stored True
[2021-12-30 15:29:19Z INFO CredentialManager] GetCredentialProvider
[2021-12-30 15:29:19Z INFO CredentialManager] Creating type OAuth
[2021-12-30 15:29:19Z INFO CredentialManager] Creating credential type: OAuth
[2021-12-30 15:29:19Z INFO RSAEncryptedFileKeyManager] Loading RSA key parameters from file C:\Users\pneha\Digital-Resume-Azure\actions-runner\.credentials_rsaparams
[2021-12-30 15:29:19Z INFO RunnerServer] Establish connection with 100 seconds timeout.
[2021-12-30 15:29:19Z INFO GitHubActionsService] Starting operation Location.GetConnectionData
[2021-12-30 15:29:19Z INFO RunnerServer] Establish connection with 60 seconds timeout.
[2021-12-30 15:29:19Z INFO GitHubActionsService] Starting operation Location.GetConnectionData
[2021-12-30 15:29:19Z INFO RunnerServer] Establish connection with 60 seconds timeout.
[2021-12-30 15:29:19Z INFO GitHubActionsService] Starting operation Location.GetConnectionData
[2021-12-30 15:29:19Z INFO GitHubActionsService] Finished operation Location.GetConnectionData
[2021-12-30 15:29:20Z INFO GitHubActionsService] Finished operation Location.GetConnectionData
[2021-12-30 15:29:22Z INFO GitHubActionsService] Finished operation Location.GetConnectionData
[2021-12-30 15:29:22Z WARN GitHubActionsService] Authentication failed with status code 401.
Transfer-Encoding: chunked
WWW-Authenticate: Bearer
Strict-Transport-Security: max-age=2592000
X-TFS-ProcessId: 40c51731-864a-4217-82f5-e709b21ff144
ActivityId: 5c5d34e4-038a-449a-b291-51cc5fdbc78b
X-TFS-Session: f54927f9-690f-4741-a20f-3fec862a1d3b
X-VSS-E2EID: c8e61c64-68c6-4850-966a-5e38e9b5868a
X-VSS-SenderDeploymentId: ac98198d-4d34-0364-420d-bafa6e51dce2
X-TFS-ServiceError: The+user+%27System%3aPublicAccess%3baaaaaaaa-aaaa-aaaa-aaaa-aaaaaaaaaaaa%27+is+not+authorized+to+access+this+resource.
X-VSS-S2STargetService: 0000005A-0000-8888-8000-000000000000/visualstudio.com
X-Cache: CONFIG_NOCACHE
X-MSEdge-Ref: Ref A: E623196777734C78A9EF0FC775D9950B Ref B: BOM02EDGE0620 Ref C: 2021-12-30T15:29:21Z
Date: Thu, 30 Dec 2021 15:29:21 GMT

[2021-12-30 15:29:22Z INFO RSAEncryptedFileKeyManager] Loading RSA key parameters from file C:\Users\pneha\Digital-Resume-Azure\actions-runner\.credentials_rsaparams
[2021-12-30 15:29:22Z INFO RSAEncryptedFileKeyManager] Loading RSA key parameters from file C:\Users\pneha\Digital-Resume-Azure\actions-runner\.credentials_rsaparams
[2021-12-30 15:29:22Z INFO GitHubActionsService] AAD Correlation ID for this token request: Unknown
[2021-12-30 15:29:22Z INFO CommandSettings] Arg 'work': ''
[2021-12-30 15:29:22Z INFO CommandSettings] Flag 'unattended': 'False'
[2021-12-30 15:29:22Z INFO PromptManager] ReadValue
[2021-12-30 15:29:22Z INFO Terminal] WRITE: Enter name of work folder: 
[2021-12-30 15:29:22Z INFO Terminal] WRITE: [press Enter for _work] 
[2021-12-30 15:29:22Z INFO Terminal] READ LINE
[2021-12-30 15:29:31Z INFO Terminal] Read value: ''
[2021-12-30 15:29:31Z INFO PromptManager] Falling back to the default: '_work'
[2021-12-30 15:29:31Z INFO ConfigurationStore] Saving runner settings.
[2021-12-30 15:29:31Z INFO ConfigurationStore] Settings Saved.
[2021-12-30 15:29:31Z INFO Terminal] WRITE LINE: 
[2021-12-30 15:29:31Z INFO Terminal] WRITE LINE: 
[2021-12-30 15:29:31Z INFO CommandSettings] Flag 'runasservice': 'False'
[2021-12-30 15:29:31Z INFO CommandSettings] Flag 'unattended': 'False'
[2021-12-30 15:29:31Z INFO PromptManager] ReadValue
[2021-12-30 15:29:31Z INFO Terminal] WRITE: Would you like to run the runner as service? (Y/N) 
[2021-12-30 15:29:31Z INFO Terminal] WRITE: [press Enter for N] 
[2021-12-30 15:29:31Z INFO Terminal] READ LINE
[2021-12-30 15:29:33Z INFO Terminal] Read value: 'Y'
[2021-12-30 15:29:33Z INFO ConfigurationManager] Configuring to run the agent as service
[2021-12-30 15:29:33Z ERR  WindowsServiceControlManager] Needs Administrator privileges for configure runner as windows service.
[2021-12-30 15:29:33Z ERR  Runner] System.Security.SecurityException: Needs Administrator privileges for configuring runner as windows service.
   at GitHub.Runner.Listener.Configuration.WindowsServiceControlManager.ConfigureService(RunnerSettings settings, CommandSettings command)
   at GitHub.Runner.Listener.Configuration.ConfigurationManager.ConfigureAsync(CommandSettings command)
   at GitHub.Runner.Listener.Runner.ExecuteCommand(CommandSettings command)
[2021-12-30 15:29:33Z ERR  Terminal] WRITE ERROR: Needs Administrator privileges for configuring runner as windows service.
[2021-12-30 15:29:33Z INFO Listener] Runner execution has finished with return code 1
