[2021-12-30 16:07:24Z INFO HostContext] No proxy settings were found based on environmental variables (http_proxy/https_proxy/HTTP_PROXY/HTTPS_PROXY)
[2021-12-30 16:07:24Z INFO HostContext] Well known directory 'Bin': 'C:\Users\pneha\Digital-Resume-Azure\actions-runner\bin'
[2021-12-30 16:07:24Z INFO HostContext] Well known directory 'Root': 'C:\Users\pneha\Digital-Resume-Azure\actions-runner'
[2021-12-30 16:07:24Z INFO HostContext] Well known config file 'Credentials': 'C:\Users\pneha\Digital-Resume-Azure\actions-runner\.credentials'
[2021-12-30 16:07:24Z INFO HostContext] Well known directory 'Bin': 'C:\Users\pneha\Digital-Resume-Azure\actions-runner\bin'
[2021-12-30 16:07:24Z INFO HostContext] Well known directory 'Root': 'C:\Users\pneha\Digital-Resume-Azure\actions-runner'
[2021-12-30 16:07:24Z INFO HostContext] Well known config file 'Runner': 'C:\Users\pneha\Digital-Resume-Azure\actions-runner\.runner'
[2021-12-30 16:07:24Z INFO Listener] Runner is built for Windows (X64) - win-x64.
[2021-12-30 16:07:24Z INFO Listener] RuntimeInformation: Microsoft Windows 10.0.22000.
[2021-12-30 16:07:24Z INFO Listener] Version: 2.285.1
[2021-12-30 16:07:24Z INFO Listener] Commit: 50afba61b40932c1084e31b5e9e7f5af325cc2ac
[2021-12-30 16:07:24Z INFO Listener] Culture: en-IN
[2021-12-30 16:07:24Z INFO Listener] UI Culture: en-US
[2021-12-30 16:07:24Z INFO HostContext] Well known directory 'Bin': 'C:\Users\pneha\Digital-Resume-Azure\actions-runner\bin'
[2021-12-30 16:07:24Z INFO HostContext] Well known directory 'Root': 'C:\Users\pneha\Digital-Resume-Azure\actions-runner'
[2021-12-30 16:07:24Z INFO Listener] Validating directory permissions for: 'C:\Users\pneha\Digital-Resume-Azure\actions-runner'
[2021-12-30 16:07:24Z INFO CommandLineParser] Parse
[2021-12-30 16:07:24Z INFO CommandLineParser] Parsing 1 args
[2021-12-30 16:07:24Z INFO CommandLineParser] parsing argument
[2021-12-30 16:07:24Z INFO CommandLineParser] HasArgs: False
[2021-12-30 16:07:24Z INFO CommandLineParser] Adding Command: run
[2021-12-30 16:07:24Z INFO Listener] Arguments parsed
[2021-12-30 16:07:24Z INFO Runner] ExecuteCommand
[2021-12-30 16:07:24Z INFO ConfigurationStore] currentAssemblyLocation: C:\Users\pneha\Digital-Resume-Azure\actions-runner\bin\Runner.Listener.dll
[2021-12-30 16:07:24Z INFO HostContext] Well known directory 'Bin': 'C:\Users\pneha\Digital-Resume-Azure\actions-runner\bin'
[2021-12-30 16:07:24Z INFO ConfigurationStore] binPath: C:\Users\pneha\Digital-Resume-Azure\actions-runner\bin
[2021-12-30 16:07:24Z INFO HostContext] Well known directory 'Bin': 'C:\Users\pneha\Digital-Resume-Azure\actions-runner\bin'
[2021-12-30 16:07:24Z INFO HostContext] Well known directory 'Root': 'C:\Users\pneha\Digital-Resume-Azure\actions-runner'
[2021-12-30 16:07:24Z INFO ConfigurationStore] RootFolder: C:\Users\pneha\Digital-Resume-Azure\actions-runner
[2021-12-30 16:07:24Z INFO HostContext] Well known directory 'Bin': 'C:\Users\pneha\Digital-Resume-Azure\actions-runner\bin'
[2021-12-30 16:07:24Z INFO HostContext] Well known directory 'Root': 'C:\Users\pneha\Digital-Resume-Azure\actions-runner'
[2021-12-30 16:07:24Z INFO HostContext] Well known config file 'Runner': 'C:\Users\pneha\Digital-Resume-Azure\actions-runner\.runner'
[2021-12-30 16:07:24Z INFO ConfigurationStore] ConfigFilePath: C:\Users\pneha\Digital-Resume-Azure\actions-runner\.runner
[2021-12-30 16:07:24Z INFO HostContext] Well known directory 'Bin': 'C:\Users\pneha\Digital-Resume-Azure\actions-runner\bin'
[2021-12-30 16:07:24Z INFO HostContext] Well known directory 'Root': 'C:\Users\pneha\Digital-Resume-Azure\actions-runner'
[2021-12-30 16:07:24Z INFO HostContext] Well known config file 'Credentials': 'C:\Users\pneha\Digital-Resume-Azure\actions-runner\.credentials'
[2021-12-30 16:07:24Z INFO ConfigurationStore] CredFilePath: C:\Users\pneha\Digital-Resume-Azure\actions-runner\.credentials
[2021-12-30 16:07:24Z INFO HostContext] Well known directory 'Bin': 'C:\Users\pneha\Digital-Resume-Azure\actions-runner\bin'
[2021-12-30 16:07:24Z INFO HostContext] Well known directory 'Root': 'C:\Users\pneha\Digital-Resume-Azure\actions-runner'
[2021-12-30 16:07:24Z INFO HostContext] Well known config file 'MigratedCredentials': 'C:\Users\pneha\Digital-Resume-Azure\actions-runner\.credentials_migrated'
[2021-12-30 16:07:24Z INFO ConfigurationStore] MigratedCredFilePath: C:\Users\pneha\Digital-Resume-Azure\actions-runner\.credentials_migrated
[2021-12-30 16:07:24Z INFO HostContext] Well known directory 'Bin': 'C:\Users\pneha\Digital-Resume-Azure\actions-runner\bin'
[2021-12-30 16:07:24Z INFO HostContext] Well known directory 'Root': 'C:\Users\pneha\Digital-Resume-Azure\actions-runner'
[2021-12-30 16:07:24Z INFO HostContext] Well known config file 'Service': 'C:\Users\pneha\Digital-Resume-Azure\actions-runner\.service'
[2021-12-30 16:07:24Z INFO ConfigurationStore] ServiceConfigFilePath: C:\Users\pneha\Digital-Resume-Azure\actions-runner\.service
[2021-12-30 16:07:24Z INFO CommandSettings] Flag 'help': 'False'
[2021-12-30 16:07:24Z INFO CommandSettings] Flag 'version': 'False'
[2021-12-30 16:07:24Z INFO CommandSettings] Flag 'commit': 'False'
[2021-12-30 16:07:24Z INFO CommandSettings] Flag 'check': 'False'
[2021-12-30 16:07:24Z INFO CommandSettings] Command 'configure': 'False'
[2021-12-30 16:07:24Z INFO CommandSettings] Command 'remove': 'False'
[2021-12-30 16:07:24Z INFO CommandSettings] Command 'warmup': 'False'
[2021-12-30 16:07:24Z INFO ConfigurationManager] LoadSettings
[2021-12-30 16:07:24Z INFO ConfigurationStore] IsConfigured()
[2021-12-30 16:07:24Z INFO ConfigurationStore] IsConfigured: True
[2021-12-30 16:07:24Z INFO ConfigurationManager] Is configured: True
[2021-12-30 16:07:24Z INFO ConfigurationStore] Read setting file: 310 chars
[2021-12-30 16:07:24Z INFO ConfigurationManager] Settings Loaded
[2021-12-30 16:07:24Z INFO ConfigurationStore] IsServiceConfigured()
[2021-12-30 16:07:24Z INFO ConfigurationStore] IsServiceConfigured: False
[2021-12-30 16:07:24Z INFO CommandSettings] Command 'run': 'True'
[2021-12-30 16:07:24Z INFO ConfigurationStore] IsConfigured()
[2021-12-30 16:07:24Z INFO ConfigurationStore] IsConfigured: True
[2021-12-30 16:07:24Z INFO ConfigurationManager] Is configured: True
[2021-12-30 16:07:24Z INFO Runner] Could not parse the argument value '' for StartupType. Defaulting to Manual
[2021-12-30 16:07:24Z INFO Runner] Set runner startup type - Manual
[2021-12-30 16:07:24Z INFO CommandSettings] Flag 'once': 'False'
[2021-12-30 16:07:24Z INFO CommandSettings] Flag 'once': 'False'
[2021-12-30 16:07:24Z INFO Runner] RunAsync
[2021-12-30 16:07:24Z INFO ConfigurationManager] LoadSettings
[2021-12-30 16:07:24Z INFO ConfigurationStore] IsConfigured()
[2021-12-30 16:07:24Z INFO ConfigurationStore] IsConfigured: True
[2021-12-30 16:07:24Z INFO ConfigurationManager] Is configured: True
[2021-12-30 16:07:24Z INFO ConfigurationManager] Settings Loaded
[2021-12-30 16:07:24Z INFO MessageListener] {
  "AgentId": 2,
  "AgentName": "DESKTOP-HCD87N7",
  "PoolId": 1,
  "PoolName": "Default",
  "ServerUrl": "https://pipelines.actions.githubusercontent.com/D1thmwoP8ZZETBpEC1EC70JbcsyjoLvS4bxLmj6KTJWt2NkMWv",
  "GitHubUrl": "https://github.com/pnehasati/Digital-Resume-Azure",
  "WorkFolder": "_work"
}
[2021-12-30 16:07:24Z INFO MessageListener] Loading Credentials
[2021-12-30 16:07:24Z INFO ConfigurationStore] HasCredentials()
[2021-12-30 16:07:24Z INFO ConfigurationStore] stored True
[2021-12-30 16:07:24Z INFO CredentialManager] GetCredentialProvider
[2021-12-30 16:07:24Z INFO CredentialManager] Creating type OAuth
[2021-12-30 16:07:24Z INFO CredentialManager] Creating credential type: OAuth
[2021-12-30 16:07:24Z INFO HostContext] Well known directory 'Bin': 'C:\Users\pneha\Digital-Resume-Azure\actions-runner\bin'
[2021-12-30 16:07:24Z INFO HostContext] Well known directory 'Root': 'C:\Users\pneha\Digital-Resume-Azure\actions-runner'
[2021-12-30 16:07:24Z INFO HostContext] Well known config file 'RSACredentials': 'C:\Users\pneha\Digital-Resume-Azure\actions-runner\.credentials_rsaparams'
[2021-12-30 16:07:24Z INFO RSAEncryptedFileKeyManager] Loading RSA key parameters from file C:\Users\pneha\Digital-Resume-Azure\actions-runner\.credentials_rsaparams
[2021-12-30 16:07:24Z INFO MessageListener] Attempt to create session.
[2021-12-30 16:07:24Z INFO MessageListener] Connecting to the Runner Server...
[2021-12-30 16:07:24Z INFO RunnerServer] Establish connection with 100 seconds timeout.
[2021-12-30 16:07:24Z INFO GitHubActionsService] Starting operation Location.GetConnectionData
[2021-12-30 16:07:24Z INFO RunnerServer] Establish connection with 60 seconds timeout.
[2021-12-30 16:07:24Z INFO GitHubActionsService] Starting operation Location.GetConnectionData
[2021-12-30 16:07:24Z INFO RunnerServer] Establish connection with 60 seconds timeout.
[2021-12-30 16:07:24Z INFO GitHubActionsService] Starting operation Location.GetConnectionData
[2021-12-30 16:07:24Z INFO GitHubActionsService] Finished operation Location.GetConnectionData
